<?xml version="1.0" encoding="UTF-8"?>
<testsuites tests="3" failures="0" disabled="0" errors="0" timestamp="2021-01-21T18:03:58" time="0.013" name="AllTests">
  <testsuite name="NLinkParser" tests="2" failures="0" disabled="0" errors="0" time="0.01">
    <testcase name="linktrack" status="run" time="0.009" classname="NLinkParser" />
    <testcase name="tofsense" status="run" time="0.001" classname="NLinkParser" />
  </testsuite>
  <testsuite name="nlink_parser" tests="1" failures="0" disabled="0" errors="0" time="0.003">
    <testcase name="linktrack_aoa" status="run" time="0.003" classname="nlink_parser" />
  </testsuite>
</testsuites>
